# JRE version: Java(TM) SE Runtime Environment (8.0_291-b10) (build 1.8.0_291-b10)
# Java VM: Java HotSpot(TM) Client VM (25.291-b10 mixed mode, sharing windows-x86 )
Heap:
 def new generation   total 9280K, used 3340K [0x04200000, 0x04c10000, 0x09750000)
  eden space 8256K,  28% used [0x04200000, 0x04443108, 0x04a10000)
  from space 1024K,  99% used [0x04a10000, 0x04b0fff8, 0x04b10000)
  to   space 1024K,   0% used [0x04b10000, 0x04b10000, 0x04c10000)
 tenured generation   total 20456K, used 18948K [0x09750000, 0x0ab4a000, 0x14200000)
   the space 20456K,  92% used [0x09750000, 0x0a9d1208, 0x0a9d1400, 0x0ab4a000)
 Metaspace       used 6106K, capacity 7217K, committed 7424K, reserved 7552K
GC Heap History (10 events):
Event: 3373.371 GC heap before
{Heap before GC invocations=714 (full 29):
 def new generation   total 9280K, used 9253K [0x04200000, 0x04c10000, 0x09750000)
  eden space 8256K, 100% used [0x04200000, 0x04a10000, 0x04a10000)
  from space 1024K,  97% used [0x04b10000, 0x04c09680, 0x04c10000)
  to   space 1024K,   0% used [0x04a10000, 0x04a10000, 0x04b10000)
 tenured generation   total 20456K, used 13368K [0x09750000, 0x0ab4a000, 0x14200000)
   the space 20456K,  65% used [0x09750000, 0x0a45e3a0, 0x0a45e400, 0x0ab4a000)
 Metaspace       used 6080K, capacity 7212K, committed 7424K, reserved 7552K
Event: 3373.374 GC heap after
Heap after GC invocations=715 (full 29):
 def new generation   total 9280K, used 1024K [0x04200000, 0x04c10000, 0x09750000)
  eden space 8256K,   0% used [0x04200000, 0x04200000, 0x04a10000)
  from space 1024K, 100% used [0x04a10000, 0x04b10000, 0x04b10000)
  to   space 1024K,   0% used [0x04b10000, 0x04b10000, 0x04c10000)
 tenured generation   total 20456K, used 14019K [0x09750000, 0x0ab4a000, 0x14200000)
   the space 20456K,  68% used [0x09750000, 0x0a500e88, 0x0a501000, 0x0ab4a000)
 Metaspace       used 6080K, capacity 7212K, committed 7424K, reserved 7552K
}
Event: 3383.891 GC heap before
{Heap before GC invocations=715 (full 29):
 def new generation   total 9280K, used 9280K [0x04200000, 0x04c10000, 0x09750000)
  eden space 8256K, 100% used [0x04200000, 0x04a10000, 0x04a10000)
  from space 1024K, 100% used [0x04a10000, 0x04b10000, 0x04b10000)
  to   space 1024K,   0% used [0x04b10000, 0x04b10000, 0x04c10000)
 tenured generation   total 20456K, used 14019K [0x09750000, 0x0ab4a000, 0x14200000)
   the space 20456K,  68% used [0x09750000, 0x0a500e88, 0x0a501000, 0x0ab4a000)
 Metaspace       used 6080K, capacity 7212K, committed 7424K, reserved 7552K
Event: 3383.894 GC heap after
Heap after GC invocations=716 (full 29):
 def new generation   total 9280K, used 1023K [0x04200000, 0x04c10000, 0x09750000)
  eden space 8256K,   0% used [0x04200000, 0x04200000, 0x04a10000)
  from space 1024K,  99% used [0x04b10000, 0x04c0fff8, 0x04c10000)
  to   space 1024K,   0% used [0x04a10000, 0x04a10000, 0x04b10000)
 tenured generation   total 20456K, used 15289K [0x09750000, 0x0ab4a000, 0x14200000)
   the space 20456K,  74% used [0x09750000, 0x0a63e598, 0x0a63e600, 0x0ab4a000)
 Metaspace       used 6080K, capacity 7212K, committed 7424K, reserved 7552K
}
Event: 3394.450 GC heap before
{Heap before GC invocations=716 (full 29):
 def new generation   total 9280K, used 9279K [0x04200000, 0x04c10000, 0x09750000)
  eden space 8256K, 100% used [0x04200000, 0x04a10000, 0x04a10000)
  from space 1024K,  99% used [0x04b10000, 0x04c0fff8, 0x04c10000)
  to   space 1024K,   0% used [0x04a10000, 0x04a10000, 0x04b10000)
 tenured generation   total 20456K, used 15289K [0x09750000, 0x0ab4a000, 0x14200000)
   the space 20456K,  74% used [0x09750000, 0x0a63e598, 0x0a63e600, 0x0ab4a000)
 Metaspace       used 6080K, capacity 7212K, committed 7424K, reserved 7552K
Event: 3394.453 GC heap after
Heap after GC invocations=717 (full 29):
 def new generation   total 9280K, used 1023K [0x04200000, 0x04c10000, 0x09750000)
  eden space 8256K,   0% used [0x04200000, 0x04200000, 0x04a10000)
  from space 1024K,  99% used [0x04a10000, 0x04b0fff8, 0x04b10000)
  to   space 1024K,   0% used [0x04b10000, 0x04b10000, 0x04c10000)
 tenured generation   total 20456K, used 16561K [0x09750000, 0x0ab4a000, 0x14200000)
   the space 20456K,  80% used [0x09750000, 0x0a77c658, 0x0a77c800, 0x0ab4a000)
 Metaspace       used 6080K, capacity 7212K, committed 7424K, reserved 7552K
}
Event: 3404.569 GC heap before
{Heap before GC invocations=717 (full 29):
 def new generation   total 9280K, used 9279K [0x04200000, 0x04c10000, 0x09750000)
  eden space 8256K, 100% used [0x04200000, 0x04a10000, 0x04a10000)
  from space 1024K,  99% used [0x04a10000, 0x04b0fff8, 0x04b10000)
  to   space 1024K,   0% used [0x04b10000, 0x04b10000, 0x04c10000)
 tenured generation   total 20456K, used 16561K [0x09750000, 0x0ab4a000, 0x14200000)
   the space 20456K,  80% used [0x09750000, 0x0a77c658, 0x0a77c800, 0x0ab4a000)
 Metaspace       used 6080K, capacity 7212K, committed 7424K, reserved 7552K
Event: 3404.572 GC heap after
Heap after GC invocations=718 (full 29):
 def new generation   total 9280K, used 1023K [0x04200000, 0x04c10000, 0x09750000)
  eden space 8256K,   0% used [0x04200000, 0x04200000, 0x04a10000)
  from space 1024K,  99% used [0x04b10000, 0x04c0ffe8, 0x04c10000)
  to   space 1024K,   0% used [0x04a10000, 0x04a10000, 0x04b10000)
 tenured generation   total 20456K, used 17770K [0x09750000, 0x0ab4a000, 0x14200000)
   the space 20456K,  86% used [0x09750000, 0x0a8aa8a8, 0x0a8aaa00, 0x0ab4a000)
 Metaspace       used 6080K, capacity 7212K, committed 7424K, reserved 7552K
}
Event: 3414.729 GC heap before
{Heap before GC invocations=718 (full 29):
 def new generation   total 9280K, used 9279K [0x04200000, 0x04c10000, 0x09750000)
  eden space 8256K, 100% used [0x04200000, 0x04a10000, 0x04a10000)
  from space 1024K,  99% used [0x04b10000, 0x04c0ffe8, 0x04c10000)
  to   space 1024K,   0% used [0x04a10000, 0x04a10000, 0x04b10000)
 tenured generation   total 20456K, used 17770K [0x09750000, 0x0ab4a000, 0x14200000)
   the space 20456K,  86% used [0x09750000, 0x0a8aa8a8, 0x0a8aaa00, 0x0ab4a000)
 Metaspace       used 6080K, capacity 7212K, committed 7424K, reserved 7552K
Event: 3414.732 GC heap after
Heap after GC invocations=719 (full 29):
 def new generation   total 9280K, used 1023K [0x04200000, 0x04c10000, 0x09750000)
  eden space 8256K,   0% used [0x04200000, 0x04200000, 0x04a10000)
  from space 1024K,  99% used [0x04a10000, 0x04b0fff8, 0x04b10000)
  to   space 1024K,   0% used [0x04b10000, 0x04b10000, 0x04c10000)
 tenured generation   total 20456K, used 18948K [0x09750000, 0x0ab4a000, 0x14200000)
   the space 20456K,  92% used [0x09750000, 0x0a9d1208, 0x0a9d1400, 0x0ab4a000)
 Metaspace       used 6080K, capacity 7212K, committed 7424K, reserved 7552K
}

